{"op_code":0,"worker_id":"320c6b56-074b-49fb-823a-83e8869682e2-33996","study_name":"no-name-fe36343f-1e70-416c-9835-471af137e51c","directions":[1]}
{"op_code":4,"worker_id":"320c6b56-074b-49fb-823a-83e8869682e2-33996","study_id":0,"datetime_start":"2024-12-07T17:06:19.783635"}
{"op_code":5,"worker_id":"320c6b56-074b-49fb-823a-83e8869682e2-33996","trial_id":0,"param_name":"kernel","param_value_internal":0,"distribution":"{\"name\": \"CategoricalDistribution\", \"attributes\": {\"choices\": [\"linear\", \"poly\", \"rbf\"]}}"}
{"op_code":5,"worker_id":"320c6b56-074b-49fb-823a-83e8869682e2-33996","trial_id":0,"param_name":"C","param_value_internal":0.034045224397453486,"distribution":"{\"name\": \"FloatDistribution\", \"attributes\": {\"step\": null, \"low\": 0.01, \"high\": 1000.0, \"log\": true}}"}
{"op_code":6,"worker_id":"320c6b56-074b-49fb-823a-83e8869682e2-33996","trial_id":0,"state":1,"values":[0.8797747306562194],"datetime_complete":"2024-12-07T17:06:22.631637"}
{"op_code":4,"worker_id":"320c6b56-074b-49fb-823a-83e8869682e2-33996","study_id":0,"datetime_start":"2024-12-07T17:06:22.646883"}
{"op_code":5,"worker_id":"320c6b56-074b-49fb-823a-83e8869682e2-33996","trial_id":1,"param_name":"kernel","param_value_internal":2,"distribution":"{\"name\": \"CategoricalDistribution\", \"attributes\": {\"choices\": [\"linear\", \"poly\", \"rbf\"]}}"}
{"op_code":5,"worker_id":"320c6b56-074b-49fb-823a-83e8869682e2-33996","trial_id":1,"param_name":"C","param_value_internal":0.03147413594600162,"distribution":"{\"name\": \"FloatDistribution\", \"attributes\": {\"step\": null, \"low\": 0.01, \"high\": 1000.0, \"log\": true}}"}
{"op_code":6,"worker_id":"320c6b56-074b-49fb-823a-83e8869682e2-33996","trial_id":1,"state":1,"values":[0.8846718903036239],"datetime_complete":"2024-12-07T17:06:36.030926"}
{"op_code":4,"worker_id":"320c6b56-074b-49fb-823a-83e8869682e2-33996","study_id":0,"datetime_start":"2024-12-07T17:06:36.030926"}
{"op_code":5,"worker_id":"320c6b56-074b-49fb-823a-83e8869682e2-33996","trial_id":2,"param_name":"kernel","param_value_internal":2,"distribution":"{\"name\": \"CategoricalDistribution\", \"attributes\": {\"choices\": [\"linear\", \"poly\", \"rbf\"]}}"}
{"op_code":5,"worker_id":"320c6b56-074b-49fb-823a-83e8869682e2-33996","trial_id":2,"param_name":"C","param_value_internal":548.3574448412976,"distribution":"{\"name\": \"FloatDistribution\", \"attributes\": {\"step\": null, \"low\": 0.01, \"high\": 1000.0, \"log\": true}}"}
{"op_code":6,"worker_id":"320c6b56-074b-49fb-823a-83e8869682e2-33996","trial_id":2,"state":1,"values":[0.8555337904015671],"datetime_complete":"2024-12-07T17:06:43.610435"}
{"op_code":4,"worker_id":"320c6b56-074b-49fb-823a-83e8869682e2-33996","study_id":0,"datetime_start":"2024-12-07T17:06:43.614441"}
{"op_code":5,"worker_id":"320c6b56-074b-49fb-823a-83e8869682e2-33996","trial_id":3,"param_name":"kernel","param_value_internal":1,"distribution":"{\"name\": \"CategoricalDistribution\", \"attributes\": {\"choices\": [\"linear\", \"poly\", \"rbf\"]}}"}
{"op_code":5,"worker_id":"320c6b56-074b-49fb-823a-83e8869682e2-33996","trial_id":3,"param_name":"C","param_value_internal":0.1033774562164865,"distribution":"{\"name\": \"FloatDistribution\", \"attributes\": {\"step\": null, \"low\": 0.01, \"high\": 1000.0, \"log\": true}}"}
{"op_code":6,"worker_id":"320c6b56-074b-49fb-823a-83e8869682e2-33996","trial_id":3,"state":1,"values":[0.8109696376101861],"datetime_complete":"2024-12-07T17:06:50.673546"}
{"op_code":4,"worker_id":"320c6b56-074b-49fb-823a-83e8869682e2-33996","study_id":0,"datetime_start":"2024-12-07T17:06:50.673546"}
{"op_code":5,"worker_id":"320c6b56-074b-49fb-823a-83e8869682e2-33996","trial_id":4,"param_name":"kernel","param_value_internal":1,"distribution":"{\"name\": \"CategoricalDistribution\", \"attributes\": {\"choices\": [\"linear\", \"poly\", \"rbf\"]}}"}
{"op_code":5,"worker_id":"320c6b56-074b-49fb-823a-83e8869682e2-33996","trial_id":4,"param_name":"C","param_value_internal":0.10073748838303097,"distribution":"{\"name\": \"FloatDistribution\", \"attributes\": {\"step\": null, \"low\": 0.01, \"high\": 1000.0, \"log\": true}}"}
{"op_code":6,"worker_id":"320c6b56-074b-49fb-823a-83e8869682e2-33996","trial_id":4,"state":1,"values":[0.8102350636630754],"datetime_complete":"2024-12-07T17:06:57.785825"}
{"op_code":4,"worker_id":"320c6b56-074b-49fb-823a-83e8869682e2-33996","study_id":0,"datetime_start":"2024-12-07T17:06:57.785825"}
{"op_code":5,"worker_id":"320c6b56-074b-49fb-823a-83e8869682e2-33996","trial_id":5,"param_name":"kernel","param_value_internal":1,"distribution":"{\"name\": \"CategoricalDistribution\", \"attributes\": {\"choices\": [\"linear\", \"poly\", \"rbf\"]}}"}
{"op_code":5,"worker_id":"320c6b56-074b-49fb-823a-83e8869682e2-33996","trial_id":5,"param_name":"C","param_value_internal":41.01173798799164,"distribution":"{\"name\": \"FloatDistribution\", \"attributes\": {\"step\": null, \"low\": 0.01, \"high\": 1000.0, \"log\": true}}"}
{"op_code":6,"worker_id":"320c6b56-074b-49fb-823a-83e8869682e2-33996","trial_id":5,"state":1,"values":[0.8697355533790402],"datetime_complete":"2024-12-07T17:07:01.295566"}
{"op_code":4,"worker_id":"320c6b56-074b-49fb-823a-83e8869682e2-33996","study_id":0,"datetime_start":"2024-12-07T17:07:01.295566"}
{"op_code":5,"worker_id":"320c6b56-074b-49fb-823a-83e8869682e2-33996","trial_id":6,"param_name":"kernel","param_value_internal":1,"distribution":"{\"name\": \"CategoricalDistribution\", \"attributes\": {\"choices\": [\"linear\", \"poly\", \"rbf\"]}}"}
{"op_code":5,"worker_id":"320c6b56-074b-49fb-823a-83e8869682e2-33996","trial_id":6,"param_name":"C","param_value_internal":25.85815043562577,"distribution":"{\"name\": \"FloatDistribution\", \"attributes\": {\"step\": null, \"low\": 0.01, \"high\": 1000.0, \"log\": true}}"}
{"op_code":6,"worker_id":"320c6b56-074b-49fb-823a-83e8869682e2-33996","trial_id":6,"state":1,"values":[0.8709598432908913],"datetime_complete":"2024-12-07T17:07:04.722636"}
{"op_code":4,"worker_id":"320c6b56-074b-49fb-823a-83e8869682e2-33996","study_id":0,"datetime_start":"2024-12-07T17:07:04.738255"}
{"op_code":5,"worker_id":"320c6b56-074b-49fb-823a-83e8869682e2-33996","trial_id":7,"param_name":"kernel","param_value_internal":2,"distribution":"{\"name\": \"CategoricalDistribution\", \"attributes\": {\"choices\": [\"linear\", \"poly\", \"rbf\"]}}"}
{"op_code":5,"worker_id":"320c6b56-074b-49fb-823a-83e8869682e2-33996","trial_id":7,"param_name":"C","param_value_internal":10.36239227086177,"distribution":"{\"name\": \"FloatDistribution\", \"attributes\": {\"step\": null, \"low\": 0.01, \"high\": 1000.0, \"log\": true}}"}
{"op_code":6,"worker_id":"320c6b56-074b-49fb-823a-83e8869682e2-33996","trial_id":7,"state":1,"values":[0.8851616062683644],"datetime_complete":"2024-12-07T17:07:10.408441"}
{"op_code":4,"worker_id":"320c6b56-074b-49fb-823a-83e8869682e2-33996","study_id":0,"datetime_start":"2024-12-07T17:07:10.416314"}
{"op_code":5,"worker_id":"320c6b56-074b-49fb-823a-83e8869682e2-33996","trial_id":8,"param_name":"kernel","param_value_internal":1,"distribution":"{\"name\": \"CategoricalDistribution\", \"attributes\": {\"choices\": [\"linear\", \"poly\", \"rbf\"]}}"}
{"op_code":5,"worker_id":"320c6b56-074b-49fb-823a-83e8869682e2-33996","trial_id":8,"param_name":"C","param_value_internal":1.4176263797529403,"distribution":"{\"name\": \"FloatDistribution\", \"attributes\": {\"step\": null, \"low\": 0.01, \"high\": 1000.0, \"log\": true}}"}
{"op_code":6,"worker_id":"320c6b56-074b-49fb-823a-83e8869682e2-33996","trial_id":8,"state":1,"values":[0.8645935357492655],"datetime_complete":"2024-12-07T17:07:14.461152"}
{"op_code":4,"worker_id":"320c6b56-074b-49fb-823a-83e8869682e2-33996","study_id":0,"datetime_start":"2024-12-07T17:07:14.461152"}
{"op_code":5,"worker_id":"320c6b56-074b-49fb-823a-83e8869682e2-33996","trial_id":9,"param_name":"kernel","param_value_internal":1,"distribution":"{\"name\": \"CategoricalDistribution\", \"attributes\": {\"choices\": [\"linear\", \"poly\", \"rbf\"]}}"}
{"op_code":5,"worker_id":"320c6b56-074b-49fb-823a-83e8869682e2-33996","trial_id":9,"param_name":"C","param_value_internal":108.12873377009709,"distribution":"{\"name\": \"FloatDistribution\", \"attributes\": {\"step\": null, \"low\": 0.01, \"high\": 1000.0, \"log\": true}}"}
{"op_code":6,"worker_id":"320c6b56-074b-49fb-823a-83e8869682e2-33996","trial_id":9,"state":1,"values":[0.8672869735553379],"datetime_complete":"2024-12-07T17:07:18.266337"}
{"op_code":4,"worker_id":"320c6b56-074b-49fb-823a-83e8869682e2-33996","study_id":0,"datetime_start":"2024-12-07T17:07:18.273342"}
{"op_code":5,"worker_id":"320c6b56-074b-49fb-823a-83e8869682e2-33996","trial_id":10,"param_name":"kernel","param_value_internal":0,"distribution":"{\"name\": \"CategoricalDistribution\", \"attributes\": {\"choices\": [\"linear\", \"poly\", \"rbf\"]}}"}
{"op_code":5,"worker_id":"320c6b56-074b-49fb-823a-83e8869682e2-33996","trial_id":10,"param_name":"C","param_value_internal":0.6644804643502429,"distribution":"{\"name\": \"FloatDistribution\", \"attributes\": {\"step\": null, \"low\": 0.01, \"high\": 1000.0, \"log\": true}}"}
{"op_code":6,"worker_id":"320c6b56-074b-49fb-823a-83e8869682e2-33996","trial_id":10,"state":1,"values":[0.8787952987267384],"datetime_complete":"2024-12-07T17:07:21.441878"}
{"op_code":4,"worker_id":"320c6b56-074b-49fb-823a-83e8869682e2-33996","study_id":0,"datetime_start":"2024-12-07T17:07:21.457514"}
{"op_code":5,"worker_id":"320c6b56-074b-49fb-823a-83e8869682e2-33996","trial_id":11,"param_name":"kernel","param_value_internal":1,"distribution":"{\"name\": \"CategoricalDistribution\", \"attributes\": {\"choices\": [\"linear\", \"poly\", \"rbf\"]}}"}
{"op_code":5,"worker_id":"320c6b56-074b-49fb-823a-83e8869682e2-33996","trial_id":11,"param_name":"C","param_value_internal":0.17986448152335946,"distribution":"{\"name\": \"FloatDistribution\", \"attributes\": {\"step\": null, \"low\": 0.01, \"high\": 1000.0, \"log\": true}}"}
{"op_code":6,"worker_id":"320c6b56-074b-49fb-823a-83e8869682e2-33996","trial_id":11,"state":1,"values":[0.8273751224289911],"datetime_complete":"2024-12-07T17:07:27.499621"}
{"op_code":4,"worker_id":"320c6b56-074b-49fb-823a-83e8869682e2-33996","study_id":0,"datetime_start":"2024-12-07T17:07:27.499621"}
{"op_code":5,"worker_id":"320c6b56-074b-49fb-823a-83e8869682e2-33996","trial_id":12,"param_name":"kernel","param_value_internal":1,"distribution":"{\"name\": \"CategoricalDistribution\", \"attributes\": {\"choices\": [\"linear\", \"poly\", \"rbf\"]}}"}
{"op_code":5,"worker_id":"320c6b56-074b-49fb-823a-83e8869682e2-33996","trial_id":12,"param_name":"C","param_value_internal":0.1349101755735271,"distribution":"{\"name\": \"FloatDistribution\", \"attributes\": {\"step\": null, \"low\": 0.01, \"high\": 1000.0, \"log\": true}}"}
{"op_code":6,"worker_id":"320c6b56-074b-49fb-823a-83e8869682e2-33996","trial_id":12,"state":1,"values":[0.8190499510284035],"datetime_complete":"2024-12-07T17:07:34.107207"}
{"op_code":4,"worker_id":"320c6b56-074b-49fb-823a-83e8869682e2-33996","study_id":0,"datetime_start":"2024-12-07T17:07:34.107207"}
{"op_code":5,"worker_id":"320c6b56-074b-49fb-823a-83e8869682e2-33996","trial_id":13,"param_name":"kernel","param_value_internal":1,"distribution":"{\"name\": \"CategoricalDistribution\", \"attributes\": {\"choices\": [\"linear\", \"poly\", \"rbf\"]}}"}
{"op_code":5,"worker_id":"320c6b56-074b-49fb-823a-83e8869682e2-33996","trial_id":13,"param_name":"C","param_value_internal":0.011578752325610703,"distribution":"{\"name\": \"FloatDistribution\", \"attributes\": {\"step\": null, \"low\": 0.01, \"high\": 1000.0, \"log\": true}}"}
{"op_code":6,"worker_id":"320c6b56-074b-49fb-823a-83e8869682e2-33996","trial_id":13,"state":1,"values":[0.6395690499510284],"datetime_complete":"2024-12-07T17:07:46.614268"}
{"op_code":4,"worker_id":"320c6b56-074b-49fb-823a-83e8869682e2-33996","study_id":0,"datetime_start":"2024-12-07T17:07:46.622274"}
{"op_code":5,"worker_id":"320c6b56-074b-49fb-823a-83e8869682e2-33996","trial_id":14,"param_name":"kernel","param_value_internal":1,"distribution":"{\"name\": \"CategoricalDistribution\", \"attributes\": {\"choices\": [\"linear\", \"poly\", \"rbf\"]}}"}
{"op_code":5,"worker_id":"320c6b56-074b-49fb-823a-83e8869682e2-33996","trial_id":14,"param_name":"C","param_value_internal":0.011451293638941172,"distribution":"{\"name\": \"FloatDistribution\", \"attributes\": {\"step\": null, \"low\": 0.01, \"high\": 1000.0, \"log\": true}}"}
{"op_code":6,"worker_id":"320c6b56-074b-49fb-823a-83e8869682e2-33996","trial_id":14,"state":1,"values":[0.6393241919686582],"datetime_complete":"2024-12-07T17:07:59.189162"}
{"op_code":4,"worker_id":"320c6b56-074b-49fb-823a-83e8869682e2-33996","study_id":0,"datetime_start":"2024-12-07T17:07:59.189162"}
{"op_code":5,"worker_id":"320c6b56-074b-49fb-823a-83e8869682e2-33996","trial_id":15,"param_name":"kernel","param_value_internal":0,"distribution":"{\"name\": \"CategoricalDistribution\", \"attributes\": {\"choices\": [\"linear\", \"poly\", \"rbf\"]}}"}
{"op_code":5,"worker_id":"320c6b56-074b-49fb-823a-83e8869682e2-33996","trial_id":15,"param_name":"C","param_value_internal":0.013609048867378713,"distribution":"{\"name\": \"FloatDistribution\", \"attributes\": {\"step\": null, \"low\": 0.01, \"high\": 1000.0, \"log\": true}}"}
{"op_code":6,"worker_id":"320c6b56-074b-49fb-823a-83e8869682e2-33996","trial_id":15,"state":1,"values":[0.8809990205680706],"datetime_complete":"2024-12-07T17:08:02.325689"}
{"op_code":4,"worker_id":"320c6b56-074b-49fb-823a-83e8869682e2-33996","study_id":0,"datetime_start":"2024-12-07T17:08:02.329425"}
{"op_code":5,"worker_id":"320c6b56-074b-49fb-823a-83e8869682e2-33996","trial_id":16,"param_name":"kernel","param_value_internal":1,"distribution":"{\"name\": \"CategoricalDistribution\", \"attributes\": {\"choices\": [\"linear\", \"poly\", \"rbf\"]}}"}
{"op_code":5,"worker_id":"320c6b56-074b-49fb-823a-83e8869682e2-33996","trial_id":16,"param_name":"C","param_value_internal":0.012290933060839695,"distribution":"{\"name\": \"FloatDistribution\", \"attributes\": {\"step\": null, \"low\": 0.01, \"high\": 1000.0, \"log\": true}}"}
{"op_code":6,"worker_id":"320c6b56-074b-49fb-823a-83e8869682e2-33996","trial_id":16,"state":1,"values":[0.6491185112634672],"datetime_complete":"2024-12-07T17:08:14.547388"}
{"op_code":4,"worker_id":"320c6b56-074b-49fb-823a-83e8869682e2-33996","study_id":0,"datetime_start":"2024-12-07T17:08:14.551658"}
{"op_code":5,"worker_id":"320c6b56-074b-49fb-823a-83e8869682e2-33996","trial_id":17,"param_name":"kernel","param_value_internal":1,"distribution":"{\"name\": \"CategoricalDistribution\", \"attributes\": {\"choices\": [\"linear\", \"poly\", \"rbf\"]}}"}
{"op_code":5,"worker_id":"320c6b56-074b-49fb-823a-83e8869682e2-33996","trial_id":17,"param_name":"C","param_value_internal":0.6647762521025272,"distribution":"{\"name\": \"FloatDistribution\", \"attributes\": {\"step\": null, \"low\": 0.01, \"high\": 1000.0, \"log\": true}}"}
{"op_code":6,"worker_id":"320c6b56-074b-49fb-823a-83e8869682e2-33996","trial_id":17,"state":1,"values":[0.8584720861900098],"datetime_complete":"2024-12-07T17:08:19.102909"}
{"op_code":4,"worker_id":"320c6b56-074b-49fb-823a-83e8869682e2-33996","study_id":0,"datetime_start":"2024-12-07T17:08:19.118537"}
{"op_code":5,"worker_id":"320c6b56-074b-49fb-823a-83e8869682e2-33996","trial_id":18,"param_name":"kernel","param_value_internal":2,"distribution":"{\"name\": \"CategoricalDistribution\", \"attributes\": {\"choices\": [\"linear\", \"poly\", \"rbf\"]}}"}
{"op_code":5,"worker_id":"320c6b56-074b-49fb-823a-83e8869682e2-33996","trial_id":18,"param_name":"C","param_value_internal":2.870087457125084,"distribution":"{\"name\": \"FloatDistribution\", \"attributes\": {\"step\": null, \"low\": 0.01, \"high\": 1000.0, \"log\": true}}"}
{"op_code":6,"worker_id":"320c6b56-074b-49fb-823a-83e8869682e2-33996","trial_id":18,"state":1,"values":[0.8863858961802155],"datetime_complete":"2024-12-07T17:08:24.790869"}
{"op_code":4,"worker_id":"320c6b56-074b-49fb-823a-83e8869682e2-33996","study_id":0,"datetime_start":"2024-12-07T17:08:24.790869"}
{"op_code":5,"worker_id":"320c6b56-074b-49fb-823a-83e8869682e2-33996","trial_id":19,"param_name":"kernel","param_value_internal":0,"distribution":"{\"name\": \"CategoricalDistribution\", \"attributes\": {\"choices\": [\"linear\", \"poly\", \"rbf\"]}}"}
{"op_code":5,"worker_id":"320c6b56-074b-49fb-823a-83e8869682e2-33996","trial_id":19,"param_name":"C","param_value_internal":0.038304756277981106,"distribution":"{\"name\": \"FloatDistribution\", \"attributes\": {\"step\": null, \"low\": 0.01, \"high\": 1000.0, \"log\": true}}"}
{"op_code":6,"worker_id":"320c6b56-074b-49fb-823a-83e8869682e2-33996","trial_id":19,"state":1,"values":[0.8802644466209598],"datetime_complete":"2024-12-07T17:08:27.545031"}
